Watching for file changes with StatReloader
Performing system checks...

System check identified no issues (0 silenced).
December 08, 2022 - 15:51:37
Django version 3.2.12, using settings 'LegalAccessories.settings'
Starting development server at http://0.0.0.0:8000/
Quit the server with CONTROL-C.
Watching for file changes with StatReloader
Performing system checks...

System check identified no issues (0 silenced).
December 08, 2022 - 15:52:19
Django version 3.2.12, using settings 'LegalAccessories.settings'
Starting development server at http://0.0.0.0:8000/
Quit the server with CONTROL-C.
[08/Dec/2022 15:52:26] "GET /accessories HTTP/1.1" 200 8226
[08/Dec/2022 15:52:27] "GET /static/store/css/main.css HTTP/1.1" 304 0
[08/Dec/2022 15:52:27] "GET /static/store/images/logo.jpg HTTP/1.1" 304 0
[08/Dec/2022 15:52:27] "GET /media/Store/brogues_shoes.jpg HTTP/1.1" 304 0
[08/Dec/2022 15:52:27] "GET /media/Store/net_carvit.jpg HTTP/1.1" 304 0
[08/Dec/2022 15:52:27] "GET /media/Store/cotton_color.jpg HTTP/1.1" 304 0
[08/Dec/2022 15:52:28] "GET /static/store/images/logo/logo.png HTTP/1.1" 304 0
[08/Dec/2022 15:52:28] "GET /accessories HTTP/1.1" 200 8226
[08/Dec/2022 15:52:32] "GET /women HTTP/1.1" 200 7308
[08/Dec/2022 15:52:37] "GET /about HTTP/1.1" 200 10026
[08/Dec/2022 15:52:37] "GET /static/store/images/slider1.jpg HTTP/1.1" 304 0
[08/Dec/2022 15:52:37] "GET /static/store/images/slider2.jpg HTTP/1.1" 304 0
[08/Dec/2022 15:52:37] "GET /static/store/images/about.jpg HTTP/1.1" 200 69311
[08/Dec/2022 15:55:16] "POST /admin/login/?next=/admin/ HTTP/1.1" 302 0
[08/Dec/2022 15:55:17] "GET /admin/ HTTP/1.1" 200 6754
[08/Dec/2022 15:55:17] "GET /static/admin/css/base.css HTTP/1.1" 304 0
[08/Dec/2022 15:55:17] "GET /static/admin/css/nav_sidebar.css HTTP/1.1" 304 0
[08/Dec/2022 15:55:17] "GET /static/admin/css/dashboard.css HTTP/1.1" 200 380
[08/Dec/2022 15:55:17] "GET /static/admin/css/responsive.css HTTP/1.1" 304 0
[08/Dec/2022 15:55:17] "GET /static/admin/js/nav_sidebar.js HTTP/1.1" 304 0
[08/Dec/2022 15:55:18] "GET /static/admin/css/fonts.css HTTP/1.1" 304 0
[08/Dec/2022 15:55:18] "GET /static/admin/img/icon-changelink.svg HTTP/1.1" 200 380
[08/Dec/2022 15:55:18] "GET /static/admin/img/icon-addlink.svg HTTP/1.1" 200 331
[08/Dec/2022 15:55:18] "GET /static/admin/fonts/Roboto-Regular-webfont.woff HTTP/1.1" 304 0
[08/Dec/2022 15:55:18] "GET /static/admin/fonts/Roboto-Bold-webfont.woff HTTP/1.1" 304 0
[08/Dec/2022 15:55:18] "GET /static/admin/fonts/Roboto-Light-webfont.woff HTTP/1.1" 304 0
[08/Dec/2022 15:55:32] "GET /admin/store/product/add/ HTTP/1.1" 200 12130
[08/Dec/2022 15:55:32] "GET /static/admin/css/forms.css HTTP/1.1" 200 8804
[08/Dec/2022 15:55:32] "GET /static/admin/js/jquery.init.js HTTP/1.1" 200 347
[08/Dec/2022 15:55:32] "GET /static/admin/js/core.js HTTP/1.1" 200 5698
[08/Dec/2022 15:55:32] "GET /admin/jsi18n/ HTTP/1.1" 200 3195
[08/Dec/2022 15:55:32] "GET /static/admin/js/admin/RelatedObjectLookups.js HTTP/1.1" 200 5984
[08/Dec/2022 15:55:32] "GET /static/admin/js/vendor/jquery/jquery.js HTTP/1.1" 200 287630
[08/Dec/2022 15:55:32] "GET /static/admin/js/urlify.js HTTP/1.1" 200 7902
[08/Dec/2022 15:55:32] "GET /static/admin/js/actions.js HTTP/1.1" 200 7867
[08/Dec/2022 15:55:32] "GET /static/admin/js/prepopulate.js HTTP/1.1" 200 1531
[08/Dec/2022 15:55:32] "GET /static/admin/css/widgets.css HTTP/1.1" 200 11097
[08/Dec/2022 15:55:33] "GET /static/admin/js/vendor/xregexp/xregexp.js HTTP/1.1" 200 232381
[08/Dec/2022 15:55:33] "GET /static/admin/js/prepopulate_init.js HTTP/1.1" 200 492
[08/Dec/2022 15:55:33] "GET /static/admin/js/change_form.js HTTP/1.1" 200 606
[08/Dec/2022 15:56:17] "POST /admin/store/product/add/ HTTP/1.1" 200 12322
[08/Dec/2022 15:56:18] "GET /admin/jsi18n/ HTTP/1.1" 200 3195
[08/Dec/2022 15:56:34] "POST /admin/store/product/add/ HTTP/1.1" 200 12333
[08/Dec/2022 15:56:34] "GET /admin/jsi18n/ HTTP/1.1" 200 3195
[08/Dec/2022 15:56:53] "POST /admin/store/product/add/ HTTP/1.1" 302 0
[08/Dec/2022 15:56:54] "GET /admin/store/product/ HTTP/1.1" 200 9050
[08/Dec/2022 15:56:54] "GET /static/admin/css/changelists.css HTTP/1.1" 200 6874
[08/Dec/2022 15:56:54] "GET /admin/jsi18n/ HTTP/1.1" 200 3195
[08/Dec/2022 15:56:55] "GET /static/admin/img/icon-yes.svg HTTP/1.1" 200 436
[08/Dec/2022 15:56:55] "GET /static/admin/img/tooltag-add.svg HTTP/1.1" 200 331
[08/Dec/2022 15:56:59] "GET /courtwear HTTP/1.1" 200 7135
[08/Dec/2022 15:57:01] "GET /men HTTP/1.1" 200 7439
[08/Dec/2022 15:57:01] "GET /media/Store/shirt2_xxBpTiC.jpg HTTP/1.1" 200 21518
[08/Dec/2022 16:00:29] "GET / HTTP/1.1" 200 10305
[08/Dec/2022 16:00:30] "GET /static/store/css/main.css HTTP/1.1" 200 2656
[08/Dec/2022 16:00:30] "GET /static/store/images/logo.jpg HTTP/1.1" 200 34449
[08/Dec/2022 16:00:31] "GET /static/store/images/slider1.jpg HTTP/1.1" 200 23231
[08/Dec/2022 16:00:31] "GET /static/store/images/slider2.jpg HTTP/1.1" 200 22622
[08/Dec/2022 16:00:31] "GET /static/store/images/home-left.jpg HTTP/1.1" 200 44426
[08/Dec/2022 16:00:32] "GET /static/store/images/home-right.jpg HTTP/1.1" 200 63042
[08/Dec/2022 16:00:32] "GET /static/store/images/logo/logo.png HTTP/1.1" 200 3315
[08/Dec/2022 16:01:16] "GET /men HTTP/1.1" 200 7607
[08/Dec/2022 16:01:16] "GET /media/Store/shirt2_xxBpTiC.jpg HTTP/1.1" 200 21518
[08/Dec/2022 16:01:20] "GET /accessories HTTP/1.1" 200 8226
[08/Dec/2022 16:01:21] "GET /media/Store/brogues_shoes.jpg HTTP/1.1" 200 34007
[08/Dec/2022 16:01:21] "GET /media/Store/net_carvit.jpg HTTP/1.1" 200 39595
[08/Dec/2022 16:01:21] "GET /media/Store/cotton_color.jpg HTTP/1.1" 200 36751
[08/Dec/2022 16:01:34] "GET /men HTTP/1.1" 200 7607
[08/Dec/2022 16:08:21,046] - Broken pipe from ('203.96.170.29', 47900)

[08/Dec/2022 16:08:21,046] - Broken pipe from ('203.96.170.29', 47898)

[08/Dec/2022 16:08:21,047] - Broken pipe from ('203.96.170.29', 47884)

[08/Dec/2022 16:08:21,047] - Broken pipe from ('203.96.170.29', 47882)

[08/Dec/2022 16:33:35] "GET /men HTTP/1.1" 200 7439
[08/Dec/2022 16:33:35] "GET /static/store/css/main.css HTTP/1.1" 304 0
[08/Dec/2022 16:33:36] "GET /static/store/images/logo.jpg HTTP/1.1" 304 0
[08/Dec/2022 16:33:36] "GET /media/Store/shirt2_xxBpTiC.jpg HTTP/1.1" 304 0
[08/Dec/2022 16:33:37] "GET /static/store/images/logo/logo.png HTTP/1.1" 304 0
[08/Dec/2022 16:33:39] "GET /accessories HTTP/1.1" 200 8058
[08/Dec/2022 16:33:39] "GET /media/Store/net_carvit.jpg HTTP/1.1" 304 0
[08/Dec/2022 16:33:39] "GET /media/Store/brogues_shoes.jpg HTTP/1.1" 304 0
[08/Dec/2022 16:33:39] "GET /media/Store/cotton_color.jpg HTTP/1.1" 304 0
[08/Dec/2022 16:33:46] "GET /women HTTP/1.1" 200 7140
[08/Dec/2022 16:33:49] "GET /contact HTTP/1.1" 200 11386
[08/Dec/2022 16:33:50] "GET /static/store/images/slider1.jpg HTTP/1.1" 304 0
[08/Dec/2022 16:33:50] "GET /static/store/images/slider2.jpg HTTP/1.1" 304 0
[08/Dec/2022 16:33:57] "GET /about HTTP/1.1" 200 9858
[08/Dec/2022 16:33:57] "GET /static/store/images/about.jpg HTTP/1.1" 304 0
[08/Dec/2022 16:34:27] "GET /men HTTP/1.1" 200 7439
Watching for file changes with StatReloader
Performing system checks...

System check identified no issues (0 silenced).
December 08, 2022 - 16:47:55
Django version 3.2.12, using settings 'LegalAccessories.settings'
Starting development server at http://0.0.0.0:8000/
Quit the server with CONTROL-C.
[08/Dec/2022 16:47:59] "GET /men HTTP/1.1" 200 7439
[08/Dec/2022 16:47:59] "GET /static/store/css/main.css HTTP/1.1" 304 0
[08/Dec/2022 16:47:59] "GET /static/store/images/logo.jpg HTTP/1.1" 304 0
[08/Dec/2022 16:47:59] "GET /media/Store/shirt2_xxBpTiC.jpg HTTP/1.1" 304 0
[08/Dec/2022 16:48:00] "GET /static/store/images/logo/logo.png HTTP/1.1" 304 0
[08/Dec/2022 16:48:02] "GET /accessories HTTP/1.1" 200 8058
[08/Dec/2022 16:48:02] "GET /media/Store/net_carvit.jpg HTTP/1.1" 304 0
[08/Dec/2022 16:48:02] "GET /media/Store/brogues_shoes.jpg HTTP/1.1" 304 0
[08/Dec/2022 16:48:02] "GET /media/Store/cotton_color.jpg HTTP/1.1" 304 0
[08/Dec/2022 16:48:03] "GET /courtwear HTTP/1.1" 200 7135
[08/Dec/2022 16:48:04] "GET /ceremonials HTTP/1.1" 200 7139
[08/Dec/2022 16:48:06] "GET /women HTTP/1.1" 200 7140
[08/Dec/2022 16:48:07] "GET /men HTTP/1.1" 200 7439
[08/Dec/2022 16:48:37] "GET /admin/store/product/add/ HTTP/1.1" 200 12130
[08/Dec/2022 16:48:37] "GET /static/admin/css/base.css HTTP/1.1" 304 0
[08/Dec/2022 16:48:37] "GET /static/admin/css/nav_sidebar.css HTTP/1.1" 304 0
[08/Dec/2022 16:48:37] "GET /static/admin/css/forms.css HTTP/1.1" 304 0
[08/Dec/2022 16:48:37] "GET /static/admin/js/vendor/jquery/jquery.js HTTP/1.1" 304 0
[08/Dec/2022 16:48:37] "GET /static/admin/css/responsive.css HTTP/1.1" 304 0
[08/Dec/2022 16:48:37] "GET /admin/jsi18n/ HTTP/1.1" 200 3195
[08/Dec/2022 16:48:38] "GET /static/admin/js/jquery.init.js HTTP/1.1" 304 0
[08/Dec/2022 16:48:38] "GET /static/admin/js/core.js HTTP/1.1" 304 0
[08/Dec/2022 16:48:38] "GET /static/admin/js/admin/RelatedObjectLookups.js HTTP/1.1" 304 0
[08/Dec/2022 16:48:38] "GET /static/admin/css/widgets.css HTTP/1.1" 304 0
[08/Dec/2022 16:48:38] "GET /static/admin/css/fonts.css HTTP/1.1" 304 0
[08/Dec/2022 16:48:38] "GET /static/admin/js/actions.js HTTP/1.1" 304 0
[08/Dec/2022 16:48:38] "GET /static/admin/js/urlify.js HTTP/1.1" 304 0
[08/Dec/2022 16:48:38] "GET /static/admin/js/vendor/xregexp/xregexp.js HTTP/1.1" 304 0
[08/Dec/2022 16:48:38] "GET /static/admin/js/prepopulate.js HTTP/1.1" 304 0
[08/Dec/2022 16:48:39] "GET /static/admin/js/prepopulate_init.js HTTP/1.1" 304 0
[08/Dec/2022 16:48:39] "GET /static/admin/js/nav_sidebar.js HTTP/1.1" 304 0
[08/Dec/2022 16:48:39] "GET /static/admin/img/icon-addlink.svg HTTP/1.1" 304 0
[08/Dec/2022 16:48:39] "GET /static/admin/js/change_form.js HTTP/1.1" 304 0
[08/Dec/2022 16:48:39] "GET /static/admin/fonts/Roboto-Bold-webfont.woff HTTP/1.1" 304 0
[08/Dec/2022 16:48:39] "GET /static/admin/fonts/Roboto-Light-webfont.woff HTTP/1.1" 304 0
[08/Dec/2022 16:48:39] "GET /static/admin/fonts/Roboto-Regular-webfont.woff HTTP/1.1" 304 0
[08/Dec/2022 16:49:03] "POST /admin/store/product/add/ HTTP/1.1" 200 12309
[08/Dec/2022 16:49:04] "GET /admin/jsi18n/ HTTP/1.1" 200 3195
[08/Dec/2022 16:49:10] "POST /admin/store/product/add/ HTTP/1.1" 200 12333
[08/Dec/2022 16:49:11] "GET /admin/jsi18n/ HTTP/1.1" 200 3195
[08/Dec/2022 16:49:20] "POST /admin/store/product/add/ HTTP/1.1" 302 0
[08/Dec/2022 16:49:21] "GET /admin/store/product/ HTTP/1.1" 200 9257
[08/Dec/2022 16:49:21] "GET /static/admin/css/changelists.css HTTP/1.1" 304 0
[08/Dec/2022 16:49:21] "GET /admin/jsi18n/ HTTP/1.1" 200 3195
[08/Dec/2022 16:49:21] "GET /static/admin/img/icon-yes.svg HTTP/1.1" 304 0
[08/Dec/2022 16:49:21] "GET /static/admin/img/tooltag-add.svg HTTP/1.1" 304 0
[08/Dec/2022 16:49:28] "GET /men HTTP/1.1" 200 7741
[08/Dec/2022 16:49:28] "GET /media/Store/shirt1_AVrLtah.webp HTTP/1.1" 200 22674
[08/Dec/2022 16:49:34] "GET /women HTTP/1.1" 200 7140
[08/Dec/2022 16:49:36] "GET /men HTTP/1.1" 200 7741
[08/Dec/2022 16:49:36] "GET /media/Store/shirt1_AVrLtah.webp HTTP/1.1" 304 0
[08/Dec/2022 16:49:37] "GET /accessories HTTP/1.1" 200 8058
[08/Dec/2022 16:49:48] "GET /men HTTP/1.1" 200 7741
[08/Dec/2022 16:49:49] "GET /media/Store/shirt1_AVrLtah.webp HTTP/1.1" 304 0
[08/Dec/2022 16:49:52] "GET /product_details/4 HTTP/1.1" 200 8142
[08/Dec/2022 16:49:56] "GET /addtocart/4/?size=Large HTTP/1.1" 302 0
[08/Dec/2022 16:49:57] "GET /product_details/4 HTTP/1.1" 200 8143
[08/Dec/2022 16:49:59] "GET /cart/ HTTP/1.1" 200 8882
arslan.zfr18@gmail.com
[08/Dec/2022 16:50:09] "GET /checkout HTTP/1.1" 200 11413
arslan.zfr18@gmail.com
5512
before email
Internal Server Error: /checkout
Traceback (most recent call last):
  File "/home/ubuntu/.local/lib/python3.10/site-packages/django/core/handlers/exception.py", line 47, in inner
    response = get_response(request)
  File "/home/ubuntu/.local/lib/python3.10/site-packages/django/core/handlers/base.py", line 181, in _get_response
    response = wrapped_callback(request, *callback_args, **callback_kwargs)
  File "/home/ubuntu/.local/lib/python3.10/site-packages/django/contrib/auth/decorators.py", line 21, in _wrapped_view
    return view_func(request, *args, **kwargs)
  File "/home/ubuntu/project/LegalAccessoriesEcommerce/order/views.py", line 69, in checkout
    send_mail(
  File "/home/ubuntu/.local/lib/python3.10/site-packages/django/core/mail/__init__.py", line 61, in send_mail
    return mail.send()
  File "/home/ubuntu/.local/lib/python3.10/site-packages/django/core/mail/message.py", line 284, in send
    return self.get_connection(fail_silently).send_messages([self])
  File "/home/ubuntu/.local/lib/python3.10/site-packages/django/core/mail/backends/smtp.py", line 109, in send_messages
    sent = self._send(message)
  File "/home/ubuntu/.local/lib/python3.10/site-packages/django/core/mail/backends/smtp.py", line 125, in _send
    self.connection.sendmail(from_email, recipients, message.as_bytes(linesep='\r\n'))
  File "/usr/lib/python3.10/smtplib.py", line 887, in sendmail
    raise SMTPSenderRefused(code, resp, from_addr)
smtplib.SMTPSenderRefused: (530, b'5.7.0 Authentication Required. Learn more at\n5.7.0  https://support.google.com/mail/?p=WantAuthError d136-20020ae9ef8e000000b006bbc3724affsm2001215qkg.45 - gsmtp', 'webmaster@localhost')
[08/Dec/2022 16:50:30] "POST /checkout HTTP/1.1" 500 94318
arslan.zfr18@gmail.com
[08/Dec/2022 16:51:34] "POST /checkout HTTP/1.1" 302 0
[08/Dec/2022 16:51:35] "GET / HTTP/1.1" 200 10138
[08/Dec/2022 16:51:35] "GET /static/store/images/slider1.jpg HTTP/1.1" 304 0
[08/Dec/2022 16:51:35] "GET /static/store/images/slider2.jpg HTTP/1.1" 304 0
[08/Dec/2022 16:51:35] "GET /static/store/images/home-right.jpg HTTP/1.1" 304 0
[08/Dec/2022 16:51:35] "GET /static/store/images/home-left.jpg HTTP/1.1" 304 0
[08/Dec/2022 16:51:44] "GET /admin/order/order/ HTTP/1.1" 200 9103
[08/Dec/2022 16:51:45] "GET /admin/jsi18n/ HTTP/1.1" 200 3195
[08/Dec/2022 16:51:57] "GET /admin/order/order/17/change/ HTTP/1.1" 200 11686
[08/Dec/2022 16:51:57] "GET /admin/jsi18n/ HTTP/1.1" 200 3195
[08/Dec/2022 16:51:57] "GET /static/admin/img/icon-changelink.svg HTTP/1.1" 304 0
[08/Dec/2022 16:51:58] "GET /static/admin/img/icon-deletelink.svg HTTP/1.1" 200 392
[08/Dec/2022 17:03:40] "GET / HTTP/1.1" 200 10138
[08/Dec/2022 17:03:41] "GET /static/store/css/main.css HTTP/1.1" 304 0
[08/Dec/2022 17:03:41] "GET /static/store/images/logo.jpg HTTP/1.1" 304 0
[08/Dec/2022 17:03:41] "GET /static/store/images/slider1.jpg HTTP/1.1" 304 0
[08/Dec/2022 17:03:41] "GET /static/store/images/home-right.jpg HTTP/1.1" 304 0
[08/Dec/2022 17:03:41] "GET /static/store/images/home-left.jpg HTTP/1.1" 304 0
[08/Dec/2022 17:03:41] "GET /static/store/images/slider2.jpg HTTP/1.1" 304 0
[08/Dec/2022 17:03:42] "GET /static/store/images/logo/logo.png HTTP/1.1" 304 0
[08/Dec/2022 17:03:43] "GET /accessories HTTP/1.1" 200 8059
[08/Dec/2022 17:03:43] "GET /media/Store/brogues_shoes.jpg HTTP/1.1" 304 0
[08/Dec/2022 17:03:43] "GET /media/Store/net_carvit.jpg HTTP/1.1" 304 0
[08/Dec/2022 17:03:44] "GET /media/Store/cotton_color.jpg HTTP/1.1" 304 0
[08/Dec/2022 17:03:44] "GET /courtwear HTTP/1.1" 200 7136
Watching for file changes with StatReloader
Performing system checks...

System check identified no issues (0 silenced).
December 08, 2022 - 17:35:16
Django version 3.2.12, using settings 'LegalAccessories.settings'
Starting development server at http://0.0.0.0:8000/
Quit the server with CONTROL-C.
[08/Dec/2022 17:35:29] "GET /admin/ HTTP/1.1" 200 7359
[08/Dec/2022 17:35:30] "GET /static/admin/css/base.css HTTP/1.1" 304 0
[08/Dec/2022 17:35:30] "GET /static/admin/css/nav_sidebar.css HTTP/1.1" 304 0
[08/Dec/2022 17:35:30] "GET /static/admin/css/dashboard.css HTTP/1.1" 304 0
[08/Dec/2022 17:35:30] "GET /static/admin/css/responsive.css HTTP/1.1" 304 0
[08/Dec/2022 17:35:30] "GET /static/admin/css/fonts.css HTTP/1.1" 304 0
[08/Dec/2022 17:35:31] "GET /static/admin/js/nav_sidebar.js HTTP/1.1" 304 0
[08/Dec/2022 17:35:31] "GET /static/admin/img/icon-changelink.svg HTTP/1.1" 304 0
[08/Dec/2022 17:35:31] "GET /static/admin/img/icon-addlink.svg HTTP/1.1" 304 0
[08/Dec/2022 17:35:31] "GET /static/admin/fonts/Roboto-Light-webfont.woff HTTP/1.1" 304 0
[08/Dec/2022 17:35:31] "GET /static/admin/fonts/Roboto-Bold-webfont.woff HTTP/1.1" 304 0
[08/Dec/2022 17:35:31] "GET /static/admin/fonts/Roboto-Regular-webfont.woff HTTP/1.1" 304 0
[08/Dec/2022 17:35:33] "GET /courtwear HTTP/1.1" 200 7136
[08/Dec/2022 17:35:33] "GET /static/store/css/main.css HTTP/1.1" 304 0
[08/Dec/2022 17:35:33] "GET /static/store/images/logo.jpg HTTP/1.1" 304 0
[08/Dec/2022 17:35:34] "GET /static/store/images/logo/logo.png HTTP/1.1" 304 0
[08/Dec/2022 17:36:14] "GET /men HTTP/1.1" 200 7742
[08/Dec/2022 17:36:14] "GET /media/Store/shirt2_xxBpTiC.jpg HTTP/1.1" 304 0
[08/Dec/2022 17:36:14] "GET /media/Store/shirt1_AVrLtah.webp HTTP/1.1" 304 0
[08/Dec/2022 17:37:50] "GET /accessories HTTP/1.1" 200 8059
[08/Dec/2022 17:37:50] "GET /media/Store/net_carvit.jpg HTTP/1.1" 304 0
[08/Dec/2022 17:37:50] "GET /media/Store/brogues_shoes.jpg HTTP/1.1" 304 0
[08/Dec/2022 17:37:50] "GET /media/Store/cotton_color.jpg HTTP/1.1" 304 0
[08/Dec/2022 17:37:56] "GET /about HTTP/1.1" 200 9859
[08/Dec/2022 17:37:56] "GET /static/store/images/slider1.jpg HTTP/1.1" 304 0
[08/Dec/2022 17:37:56] "GET /static/store/images/slider2.jpg HTTP/1.1" 304 0
[08/Dec/2022 17:37:56] "GET /static/store/images/about.jpg HTTP/1.1" 304 0
[08/Dec/2022 17:39:10] "GET /men HTTP/1.1" 200 7742
[08/Dec/2022 17:41:19] "GET /about HTTP/1.1" 200 9859
[08/Dec/2022 17:42:58] "GET /accessories HTTP/1.1" 200 8059
[08/Dec/2022 17:43:04] "GET /men HTTP/1.1" 200 7742
[08/Dec/2022 17:43:04] "GET /media/Store/shirt1_AVrLtah.webp HTTP/1.1" 304 0
[08/Dec/2022 17:43:09] "GET /cart/ HTTP/1.1" 200 8882
arslan.zfr18@gmail.com
[08/Dec/2022 17:43:16] "GET /checkout HTTP/1.1" 200 11413
